{"message":"::1 - - [14/Aug/2019:08:50:46 +0000] \"GET / HTTP/1.1\" 304 - \"-\" \"Mozilla/5.0 (Windows NT 10.0; Win64; x64) AppleWebKit/537.36 (KHTML, like Gecko) Chrome/75.0.3770.142 Safari/537.36\"\n","level":"info","service":"whimstaywebapp-service"}
{"message":"::1 - - [14/Aug/2019:08:50:46 +0000] \"GET /css/animate.min.css HTTP/1.1\" 302 23 \"http://localhost:9001/\" \"Mozilla/5.0 (Windows NT 10.0; Win64; x64) AppleWebKit/537.36 (KHTML, like Gecko) Chrome/75.0.3770.142 Safari/537.36\"\n","level":"info","service":"whimstaywebapp-service"}
{"message":"::1 - - [14/Aug/2019:08:50:46 +0000] \"GET /public/javascripts/UserAPI.js HTTP/1.1\" 302 23 \"http://localhost:9001/\" \"Mozilla/5.0 (Windows NT 10.0; Win64; x64) AppleWebKit/537.36 (KHTML, like Gecko) Chrome/75.0.3770.142 Safari/537.36\"\n","level":"info","service":"whimstaywebapp-service"}
{"message":"::1 - - [14/Aug/2019:08:50:47 +0000] \"GET / HTTP/1.1\" 304 - \"http://localhost:9001/\" \"Mozilla/5.0 (Windows NT 10.0; Win64; x64) AppleWebKit/537.36 (KHTML, like Gecko) Chrome/75.0.3770.142 Safari/537.36\"\n","level":"info","service":"whimstaywebapp-service"}
{"message":"::1 - - [14/Aug/2019:08:50:47 +0000] \"GET / HTTP/1.1\" 304 - \"http://localhost:9001/\" \"Mozilla/5.0 (Windows NT 10.0; Win64; x64) AppleWebKit/537.36 (KHTML, like Gecko) Chrome/75.0.3770.142 Safari/537.36\"\n","level":"info","service":"whimstaywebapp-service"}
{"message":"::1 - - [14/Aug/2019:08:50:47 +0000] \"GET /images/wemaste-host-vacation-rentals-768x680.jpg HTTP/1.1\" 304 - \"http://localhost:9001/\" \"Mozilla/5.0 (Windows NT 10.0; Win64; x64) AppleWebKit/537.36 (KHTML, like Gecko) Chrome/75.0.3770.142 Safari/537.36\"\n","level":"info","service":"whimstaywebapp-service"}
{"level":"info","message":"Development Environments started successfully","timestamp":"2019-08-14T08:51:31.677Z","service":"whimstaywebapp-service"}
{"message":"::1 - - [14/Aug/2019:08:51:36 +0000] \"GET / HTTP/1.1\" 304 - \"-\" \"Mozilla/5.0 (Windows NT 10.0; Win64; x64) AppleWebKit/537.36 (KHTML, like Gecko) Chrome/75.0.3770.142 Safari/537.36\"\n","level":"info","service":"whimstaywebapp-service"}
{"message":"::1 - - [14/Aug/2019:08:51:36 +0000] \"GET /css/animate.min.css HTTP/1.1\" 302 23 \"http://localhost:9001/\" \"Mozilla/5.0 (Windows NT 10.0; Win64; x64) AppleWebKit/537.36 (KHTML, like Gecko) Chrome/75.0.3770.142 Safari/537.36\"\n","level":"info","service":"whimstaywebapp-service"}
{"message":"::1 - - [14/Aug/2019:08:51:36 +0000] \"GET /public/javascripts/UserAPI.js HTTP/1.1\" 302 23 \"http://localhost:9001/\" \"Mozilla/5.0 (Windows NT 10.0; Win64; x64) AppleWebKit/537.36 (KHTML, like Gecko) Chrome/75.0.3770.142 Safari/537.36\"\n","level":"info","service":"whimstaywebapp-service"}
{"message":"::1 - - [14/Aug/2019:08:51:36 +0000] \"GET / HTTP/1.1\" 304 - \"http://localhost:9001/\" \"Mozilla/5.0 (Windows NT 10.0; Win64; x64) AppleWebKit/537.36 (KHTML, like Gecko) Chrome/75.0.3770.142 Safari/537.36\"\n","level":"info","service":"whimstaywebapp-service"}
{"message":"::1 - - [14/Aug/2019:08:51:36 +0000] \"GET / HTTP/1.1\" 304 - \"http://localhost:9001/\" \"Mozilla/5.0 (Windows NT 10.0; Win64; x64) AppleWebKit/537.36 (KHTML, like Gecko) Chrome/75.0.3770.142 Safari/537.36\"\n","level":"info","service":"whimstaywebapp-service"}
{"message":"::1 - - [14/Aug/2019:08:51:36 +0000] \"GET /images/wemaste-host-vacation-rentals-768x680.jpg HTTP/1.1\" 304 - \"http://localhost:9001/\" \"Mozilla/5.0 (Windows NT 10.0; Win64; x64) AppleWebKit/537.36 (KHTML, like Gecko) Chrome/75.0.3770.142 Safari/537.36\"\n","level":"info","service":"whimstaywebapp-service"}
{"level":"info","message":"SignIn Successfully","service":"whimstaywebapp-service"}
{"message":"::1 - - [14/Aug/2019:08:51:53 +0000] \"POST /welcome HTTP/1.1\" 302 46 \"http://localhost:9001/\" \"Mozilla/5.0 (Windows NT 10.0; Win64; x64) AppleWebKit/537.36 (KHTML, like Gecko) Chrome/75.0.3770.142 Safari/537.36\"\n","level":"info","service":"whimstaywebapp-service"}
{"message":"::1 - - [14/Aug/2019:08:51:53 +0000] \"GET / HTTP/1.1\" 302 60 \"http://localhost:9001/\" \"Mozilla/5.0 (Windows NT 10.0; Win64; x64) AppleWebKit/537.36 (KHTML, like Gecko) Chrome/75.0.3770.142 Safari/537.36\"\n","level":"info","service":"whimstaywebapp-service"}
{"message":"::1 - - [14/Aug/2019:08:51:53 +0000] \"GET /welcome HTTP/1.1\" 200 20304 \"http://localhost:9001/\" \"Mozilla/5.0 (Windows NT 10.0; Win64; x64) AppleWebKit/537.36 (KHTML, like Gecko) Chrome/75.0.3770.142 Safari/537.36\"\n","level":"info","service":"whimstaywebapp-service"}
{"message":"::1 - - [14/Aug/2019:08:52:00 +0000] \"GET /properties HTTP/1.1\" 200 52347 \"http://localhost:9001/welcome\" \"Mozilla/5.0 (Windows NT 10.0; Win64; x64) AppleWebKit/537.36 (KHTML, like Gecko) Chrome/75.0.3770.142 Safari/537.36\"\n","level":"info","service":"whimstaywebapp-service"}
{"message":"::1 - - [14/Aug/2019:08:52:00 +0000] \"GET /css/animate.min.css HTTP/1.1\" 302 23 \"http://localhost:9001/properties\" \"Mozilla/5.0 (Windows NT 10.0; Win64; x64) AppleWebKit/537.36 (KHTML, like Gecko) Chrome/75.0.3770.142 Safari/537.36\"\n","level":"info","service":"whimstaywebapp-service"}
{"message":"::1 - - [14/Aug/2019:08:52:00 +0000] \"GET / HTTP/1.1\" 302 30 \"http://localhost:9001/properties\" \"Mozilla/5.0 (Windows NT 10.0; Win64; x64) AppleWebKit/537.36 (KHTML, like Gecko) Chrome/75.0.3770.142 Safari/537.36\"\n","level":"info","service":"whimstaywebapp-service"}
{"message":"::1 - - [14/Aug/2019:08:52:00 +0000] \"GET /welcome HTTP/1.1\" 304 - \"http://localhost:9001/properties\" \"Mozilla/5.0 (Windows NT 10.0; Win64; x64) AppleWebKit/537.36 (KHTML, like Gecko) Chrome/75.0.3770.142 Safari/537.36\"\n","level":"info","service":"whimstaywebapp-service"}
{"message":"::1 - - [14/Aug/2019:08:52:14 +0000] \"GET /profile HTTP/1.1\" 200 29775 \"http://localhost:9001/properties\" \"Mozilla/5.0 (Windows NT 10.0; Win64; x64) AppleWebKit/537.36 (KHTML, like Gecko) Chrome/75.0.3770.142 Safari/537.36\"\n","level":"info","service":"whimstaywebapp-service"}
{"message":"::1 - - [14/Aug/2019:08:52:14 +0000] \"GET /css/animate.min.css HTTP/1.1\" 302 23 \"http://localhost:9001/profile\" \"Mozilla/5.0 (Windows NT 10.0; Win64; x64) AppleWebKit/537.36 (KHTML, like Gecko) Chrome/75.0.3770.142 Safari/537.36\"\n","level":"info","service":"whimstaywebapp-service"}
{"message":"::1 - - [14/Aug/2019:08:52:14 +0000] \"GET / HTTP/1.1\" 302 30 \"http://localhost:9001/profile\" \"Mozilla/5.0 (Windows NT 10.0; Win64; x64) AppleWebKit/537.36 (KHTML, like Gecko) Chrome/75.0.3770.142 Safari/537.36\"\n","level":"info","service":"whimstaywebapp-service"}
{"message":"::1 - - [14/Aug/2019:08:52:14 +0000] \"GET /welcome HTTP/1.1\" 304 - \"http://localhost:9001/profile\" \"Mozilla/5.0 (Windows NT 10.0; Win64; x64) AppleWebKit/537.36 (KHTML, like Gecko) Chrome/75.0.3770.142 Safari/537.36\"\n","level":"info","service":"whimstaywebapp-service"}
{"level":"info","message":"Logout Successfully","service":"whimstaywebapp-service"}
{"message":"::1 - - [14/Aug/2019:08:52:16 +0000] \"GET /Sign_out HTTP/1.1\" 302 46 \"http://localhost:9001/profile\" \"Mozilla/5.0 (Windows NT 10.0; Win64; x64) AppleWebKit/537.36 (KHTML, like Gecko) Chrome/75.0.3770.142 Safari/537.36\"\n","level":"info","service":"whimstaywebapp-service"}
{"message":"::1 - - [14/Aug/2019:08:52:16 +0000] \"GET / HTTP/1.1\" 200 52071 \"http://localhost:9001/profile\" \"Mozilla/5.0 (Windows NT 10.0; Win64; x64) AppleWebKit/537.36 (KHTML, like Gecko) Chrome/75.0.3770.142 Safari/537.36\"\n","level":"info","service":"whimstaywebapp-service"}
{"message":"::1 - - [14/Aug/2019:08:52:16 +0000] \"GET /css/animate.min.css HTTP/1.1\" 302 23 \"http://localhost:9001/\" \"Mozilla/5.0 (Windows NT 10.0; Win64; x64) AppleWebKit/537.36 (KHTML, like Gecko) Chrome/75.0.3770.142 Safari/537.36\"\n","level":"info","service":"whimstaywebapp-service"}
{"message":"::1 - - [14/Aug/2019:08:52:17 +0000] \"GET /public/javascripts/UserAPI.js HTTP/1.1\" 302 23 \"http://localhost:9001/\" \"Mozilla/5.0 (Windows NT 10.0; Win64; x64) AppleWebKit/537.36 (KHTML, like Gecko) Chrome/75.0.3770.142 Safari/537.36\"\n","level":"info","service":"whimstaywebapp-service"}
{"message":"::1 - - [14/Aug/2019:08:52:17 +0000] \"GET / HTTP/1.1\" 304 - \"http://localhost:9001/\" \"Mozilla/5.0 (Windows NT 10.0; Win64; x64) AppleWebKit/537.36 (KHTML, like Gecko) Chrome/75.0.3770.142 Safari/537.36\"\n","level":"info","service":"whimstaywebapp-service"}
{"message":"::1 - - [14/Aug/2019:08:52:17 +0000] \"GET / HTTP/1.1\" 304 - \"http://localhost:9001/\" \"Mozilla/5.0 (Windows NT 10.0; Win64; x64) AppleWebKit/537.36 (KHTML, like Gecko) Chrome/75.0.3770.142 Safari/537.36\"\n","level":"info","service":"whimstaywebapp-service"}
{"message":"::1 - - [14/Aug/2019:08:52:17 +0000] \"GET /images/wemaste-host-vacation-rentals-768x680.jpg HTTP/1.1\" 304 - \"http://localhost:9001/\" \"Mozilla/5.0 (Windows NT 10.0; Win64; x64) AppleWebKit/537.36 (KHTML, like Gecko) Chrome/75.0.3770.142 Safari/537.36\"\n","level":"info","service":"whimstaywebapp-service"}
{"level":"info","message":"Testing Environments started successfully","timestamp":"2019-08-14T08:52:41.122Z","service":"whimstaywebapp-service"}
{"message":"::1 - - [14/Aug/2019:08:52:45 +0000] \"GET / HTTP/1.1\" 200 52072 \"-\" \"Mozilla/5.0 (Windows NT 10.0; Win64; x64) AppleWebKit/537.36 (KHTML, like Gecko) Chrome/75.0.3770.142 Safari/537.36\"\n","level":"info","service":"whimstaywebapp-service"}
{"message":"::1 - - [14/Aug/2019:08:52:45 +0000] \"GET /css/animate.min.css HTTP/1.1\" 302 23 \"http://localhost:4003/\" \"Mozilla/5.0 (Windows NT 10.0; Win64; x64) AppleWebKit/537.36 (KHTML, like Gecko) Chrome/75.0.3770.142 Safari/537.36\"\n","level":"info","service":"whimstaywebapp-service"}
{"message":"::1 - - [14/Aug/2019:08:52:45 +0000] \"GET /public/javascripts/UserAPI.js HTTP/1.1\" 302 23 \"http://localhost:4003/\" \"Mozilla/5.0 (Windows NT 10.0; Win64; x64) AppleWebKit/537.36 (KHTML, like Gecko) Chrome/75.0.3770.142 Safari/537.36\"\n","level":"info","service":"whimstaywebapp-service"}
{"message":"::1 - - [14/Aug/2019:08:52:45 +0000] \"GET / HTTP/1.1\" 304 - \"http://localhost:4003/\" \"Mozilla/5.0 (Windows NT 10.0; Win64; x64) AppleWebKit/537.36 (KHTML, like Gecko) Chrome/75.0.3770.142 Safari/537.36\"\n","level":"info","service":"whimstaywebapp-service"}
{"message":"::1 - - [14/Aug/2019:08:52:45 +0000] \"GET /images/wemaste-host-vacation-rentals-768x680.jpg HTTP/1.1\" 304 - \"http://localhost:4003/\" \"Mozilla/5.0 (Windows NT 10.0; Win64; x64) AppleWebKit/537.36 (KHTML, like Gecko) Chrome/75.0.3770.142 Safari/537.36\"\n","level":"info","service":"whimstaywebapp-service"}
{"message":"::1 - - [14/Aug/2019:08:52:45 +0000] \"GET / HTTP/1.1\" 304 - \"http://localhost:4003/\" \"Mozilla/5.0 (Windows NT 10.0; Win64; x64) AppleWebKit/537.36 (KHTML, like Gecko) Chrome/75.0.3770.142 Safari/537.36\"\n","level":"info","service":"whimstaywebapp-service"}
{"message":"::1 - - [14/Aug/2019:08:52:46 +0000] \"GET / HTTP/1.1\" 304 - \"http://localhost:4003/\" \"Mozilla/5.0 (Windows NT 10.0; Win64; x64) AppleWebKit/537.36 (KHTML, like Gecko) Chrome/75.0.3770.142 Safari/537.36\"\n","level":"info","service":"whimstaywebapp-service"}
{"message":"::1 - - [14/Aug/2019:08:52:46 +0000] \"GET / HTTP/1.1\" 304 - \"http://localhost:4003/\" \"Mozilla/5.0 (Windows NT 10.0; Win64; x64) AppleWebKit/537.36 (KHTML, like Gecko) Chrome/75.0.3770.142 Safari/537.36\"\n","level":"info","service":"whimstaywebapp-service"}
{"message":"::1 - - [14/Aug/2019:08:52:57 +0000] \"GET /css/animate.min.css HTTP/1.1\" 302 23 \"http://localhost:4003/\" \"Mozilla/5.0 (Windows NT 10.0; Win64; x64) AppleWebKit/537.36 (KHTML, like Gecko) Chrome/75.0.3770.142 Safari/537.36\"\n","level":"info","service":"whimstaywebapp-service"}
{"message":"::1 - - [14/Aug/2019:08:52:57 +0000] \"GET / HTTP/1.1\" 304 - \"http://localhost:4003/\" \"Mozilla/5.0 (Windows NT 10.0; Win64; x64) AppleWebKit/537.36 (KHTML, like Gecko) Chrome/75.0.3770.142 Safari/537.36\"\n","level":"info","service":"whimstaywebapp-service"}
{"message":"::1 - - [14/Aug/2019:08:59:43 +0000] \"GET / HTTP/1.1\" 304 - \"-\" \"Mozilla/5.0 (Windows NT 10.0; Win64; x64) AppleWebKit/537.36 (KHTML, like Gecko) Chrome/75.0.3770.142 Safari/537.36\"\n","level":"info","service":"whimstaywebapp-service"}
{"message":"::1 - - [14/Aug/2019:08:59:43 +0000] \"GET /css/animate.min.css HTTP/1.1\" 302 23 \"http://localhost:4003/\" \"Mozilla/5.0 (Windows NT 10.0; Win64; x64) AppleWebKit/537.36 (KHTML, like Gecko) Chrome/75.0.3770.142 Safari/537.36\"\n","level":"info","service":"whimstaywebapp-service"}
{"message":"::1 - - [14/Aug/2019:08:59:43 +0000] \"GET /public/javascripts/UserAPI.js HTTP/1.1\" 302 23 \"http://localhost:4003/\" \"Mozilla/5.0 (Windows NT 10.0; Win64; x64) AppleWebKit/537.36 (KHTML, like Gecko) Chrome/75.0.3770.142 Safari/537.36\"\n","level":"info","service":"whimstaywebapp-service"}
{"message":"::1 - - [14/Aug/2019:08:59:43 +0000] \"GET / HTTP/1.1\" 304 - \"http://localhost:4003/\" \"Mozilla/5.0 (Windows NT 10.0; Win64; x64) AppleWebKit/537.36 (KHTML, like Gecko) Chrome/75.0.3770.142 Safari/537.36\"\n","level":"info","service":"whimstaywebapp-service"}
{"message":"::1 - - [14/Aug/2019:08:59:43 +0000] \"GET / HTTP/1.1\" 304 - \"http://localhost:4003/\" \"Mozilla/5.0 (Windows NT 10.0; Win64; x64) AppleWebKit/537.36 (KHTML, like Gecko) Chrome/75.0.3770.142 Safari/537.36\"\n","level":"info","service":"whimstaywebapp-service"}
{"message":"::1 - - [14/Aug/2019:08:59:43 +0000] \"GET /images/wemaste-host-vacation-rentals-768x680.jpg HTTP/1.1\" 304 - \"http://localhost:4003/\" \"Mozilla/5.0 (Windows NT 10.0; Win64; x64) AppleWebKit/537.36 (KHTML, like Gecko) Chrome/75.0.3770.142 Safari/537.36\"\n","level":"info","service":"whimstaywebapp-service"}
