{"level":"info","message":"Development Environments started successfully","timestamp":"2019-08-14T13:48:20.413Z","service":"whimstaywebapp-service"}
{"level":"info","message":"Development Environments started successfully","timestamp":"2019-08-14T13:49:03.531Z","service":"whimstaywebapp-service"}
{"level":"info","message":"Development Environments started successfully","timestamp":"2019-08-14T13:51:31.450Z","service":"whimstaywebapp-service"}
{"message":"::1 - - [14/Aug/2019:13:51:38 +0000] \"GET / HTTP/1.1\" 304 - \"-\" \"Mozilla/5.0 (Windows NT 10.0; Win64; x64) AppleWebKit/537.36 (KHTML, like Gecko) Chrome/75.0.3770.142 Safari/537.36\"\n","level":"info","service":"whimstaywebapp-service"}
{"message":"::1 - - [14/Aug/2019:13:51:39 +0000] \"GET /css/animate.min.css HTTP/1.1\" 302 23 \"http://localhost:9001/\" \"Mozilla/5.0 (Windows NT 10.0; Win64; x64) AppleWebKit/537.36 (KHTML, like Gecko) Chrome/75.0.3770.142 Safari/537.36\"\n","level":"info","service":"whimstaywebapp-service"}
{"message":"::1 - - [14/Aug/2019:13:51:39 +0000] \"GET /public/javascripts/UserAPI.js HTTP/1.1\" 302 23 \"http://localhost:9001/\" \"Mozilla/5.0 (Windows NT 10.0; Win64; x64) AppleWebKit/537.36 (KHTML, like Gecko) Chrome/75.0.3770.142 Safari/537.36\"\n","level":"info","service":"whimstaywebapp-service"}
{"message":"::1 - - [14/Aug/2019:13:51:39 +0000] \"GET / HTTP/1.1\" 304 - \"http://localhost:9001/\" \"Mozilla/5.0 (Windows NT 10.0; Win64; x64) AppleWebKit/537.36 (KHTML, like Gecko) Chrome/75.0.3770.142 Safari/537.36\"\n","level":"info","service":"whimstaywebapp-service"}
{"message":"::1 - - [14/Aug/2019:13:51:39 +0000] \"GET / HTTP/1.1\" 304 - \"http://localhost:9001/\" \"Mozilla/5.0 (Windows NT 10.0; Win64; x64) AppleWebKit/537.36 (KHTML, like Gecko) Chrome/75.0.3770.142 Safari/537.36\"\n","level":"info","service":"whimstaywebapp-service"}
{"message":"::1 - - [14/Aug/2019:13:51:39 +0000] \"GET /images/wemaste-host-vacation-rentals-768x680.jpg HTTP/1.1\" 304 - \"http://localhost:9001/\" \"Mozilla/5.0 (Windows NT 10.0; Win64; x64) AppleWebKit/537.36 (KHTML, like Gecko) Chrome/75.0.3770.142 Safari/537.36\"\n","level":"info","service":"whimstaywebapp-service"}
{"message":"::1 - - [14/Aug/2019:13:52:14 +0000] \"GET /css/animate.min.css HTTP/1.1\" 302 23 \"http://localhost:9001/\" \"Mozilla/5.0 (Windows NT 10.0; Win64; x64) AppleWebKit/537.36 (KHTML, like Gecko) Chrome/75.0.3770.142 Safari/537.36\"\n","level":"info","service":"whimstaywebapp-service"}
{"message":"::1 - - [14/Aug/2019:13:52:14 +0000] \"GET / HTTP/1.1\" 304 - \"http://localhost:9001/\" \"Mozilla/5.0 (Windows NT 10.0; Win64; x64) AppleWebKit/537.36 (KHTML, like Gecko) Chrome/75.0.3770.142 Safari/537.36\"\n","level":"info","service":"whimstaywebapp-service"}
{"level":"info","message":"Development Environments started successfully","timestamp":"2019-08-14T14:01:02.580Z","service":"whimstaywebapp-service"}
{"message":"::1 - - [14/Aug/2019:14:01:13 +0000] \"GET /welcomeUser HTTP/1.1\" 302 46 \"-\" \"Mozilla/5.0 (Windows NT 10.0; Win64; x64) AppleWebKit/537.36 (KHTML, like Gecko) Chrome/75.0.3770.142 Safari/537.36\"\n","level":"info","service":"whimstaywebapp-service"}
{"message":"::1 - - [14/Aug/2019:14:01:13 +0000] \"GET / HTTP/1.1\" 304 - \"-\" \"Mozilla/5.0 (Windows NT 10.0; Win64; x64) AppleWebKit/537.36 (KHTML, like Gecko) Chrome/75.0.3770.142 Safari/537.36\"\n","level":"info","service":"whimstaywebapp-service"}
{"message":"::1 - - [14/Aug/2019:14:01:13 +0000] \"GET /css/animate.min.css HTTP/1.1\" 302 23 \"http://localhost:9001/\" \"Mozilla/5.0 (Windows NT 10.0; Win64; x64) AppleWebKit/537.36 (KHTML, like Gecko) Chrome/75.0.3770.142 Safari/537.36\"\n","level":"info","service":"whimstaywebapp-service"}
{"message":"::1 - - [14/Aug/2019:14:01:13 +0000] \"GET /public/javascripts/UserAPI.js HTTP/1.1\" 302 23 \"http://localhost:9001/\" \"Mozilla/5.0 (Windows NT 10.0; Win64; x64) AppleWebKit/537.36 (KHTML, like Gecko) Chrome/75.0.3770.142 Safari/537.36\"\n","level":"info","service":"whimstaywebapp-service"}
{"message":"::1 - - [14/Aug/2019:14:01:13 +0000] \"GET / HTTP/1.1\" 304 - \"http://localhost:9001/\" \"Mozilla/5.0 (Windows NT 10.0; Win64; x64) AppleWebKit/537.36 (KHTML, like Gecko) Chrome/75.0.3770.142 Safari/537.36\"\n","level":"info","service":"whimstaywebapp-service"}
{"message":"::1 - - [14/Aug/2019:14:01:13 +0000] \"GET / HTTP/1.1\" 304 - \"http://localhost:9001/\" \"Mozilla/5.0 (Windows NT 10.0; Win64; x64) AppleWebKit/537.36 (KHTML, like Gecko) Chrome/75.0.3770.142 Safari/537.36\"\n","level":"info","service":"whimstaywebapp-service"}
{"message":"::1 - - [14/Aug/2019:14:01:13 +0000] \"GET /images/wemaste-host-vacation-rentals-768x680.jpg HTTP/1.1\" 304 - \"http://localhost:9001/\" \"Mozilla/5.0 (Windows NT 10.0; Win64; x64) AppleWebKit/537.36 (KHTML, like Gecko) Chrome/75.0.3770.142 Safari/537.36\"\n","level":"info","service":"whimstaywebapp-service"}
{"message":"::1 - - [14/Aug/2019:14:01:33 +0000] \"GET / HTTP/1.1\" 304 - \"-\" \"Mozilla/5.0 (Windows NT 10.0; Win64; x64) AppleWebKit/537.36 (KHTML, like Gecko) Chrome/75.0.3770.142 Safari/537.36\"\n","level":"info","service":"whimstaywebapp-service"}
{"message":"::1 - - [14/Aug/2019:14:01:33 +0000] \"GET /css/animate.min.css HTTP/1.1\" 302 23 \"http://localhost:9001/\" \"Mozilla/5.0 (Windows NT 10.0; Win64; x64) AppleWebKit/537.36 (KHTML, like Gecko) Chrome/75.0.3770.142 Safari/537.36\"\n","level":"info","service":"whimstaywebapp-service"}
{"message":"::1 - - [14/Aug/2019:14:01:33 +0000] \"GET /public/javascripts/UserAPI.js HTTP/1.1\" 302 23 \"http://localhost:9001/\" \"Mozilla/5.0 (Windows NT 10.0; Win64; x64) AppleWebKit/537.36 (KHTML, like Gecko) Chrome/75.0.3770.142 Safari/537.36\"\n","level":"info","service":"whimstaywebapp-service"}
{"message":"::1 - - [14/Aug/2019:14:01:33 +0000] \"GET / HTTP/1.1\" 304 - \"http://localhost:9001/\" \"Mozilla/5.0 (Windows NT 10.0; Win64; x64) AppleWebKit/537.36 (KHTML, like Gecko) Chrome/75.0.3770.142 Safari/537.36\"\n","level":"info","service":"whimstaywebapp-service"}
{"message":"::1 - - [14/Aug/2019:14:01:33 +0000] \"GET / HTTP/1.1\" 304 - \"http://localhost:9001/\" \"Mozilla/5.0 (Windows NT 10.0; Win64; x64) AppleWebKit/537.36 (KHTML, like Gecko) Chrome/75.0.3770.142 Safari/537.36\"\n","level":"info","service":"whimstaywebapp-service"}
{"message":"::1 - - [14/Aug/2019:14:01:34 +0000] \"GET /images/wemaste-host-vacation-rentals-768x680.jpg HTTP/1.1\" 304 - \"http://localhost:9001/\" \"Mozilla/5.0 (Windows NT 10.0; Win64; x64) AppleWebKit/537.36 (KHTML, like Gecko) Chrome/75.0.3770.142 Safari/537.36\"\n","level":"info","service":"whimstaywebapp-service"}
{"level":"info","message":"Logged in user id 46","service":"whimstaywebapp-service"}
{"message":"::1 - - [14/Aug/2019:14:02:12 +0000] \"POST /welcomeUser HTTP/1.1\" 200 20304 \"http://localhost:9001/\" \"Mozilla/5.0 (Windows NT 10.0; Win64; x64) AppleWebKit/537.36 (KHTML, like Gecko) Chrome/75.0.3770.142 Safari/537.36\"\n","level":"info","service":"whimstaywebapp-service"}
{"message":"::1 - - [14/Aug/2019:14:02:16 +0000] \"GET /properties HTTP/1.1\" 200 52347 \"http://localhost:9001/welcomeUser\" \"Mozilla/5.0 (Windows NT 10.0; Win64; x64) AppleWebKit/537.36 (KHTML, like Gecko) Chrome/75.0.3770.142 Safari/537.36\"\n","level":"info","service":"whimstaywebapp-service"}
{"message":"::1 - - [14/Aug/2019:14:02:16 +0000] \"GET /css/animate.min.css HTTP/1.1\" 302 23 \"http://localhost:9001/properties\" \"Mozilla/5.0 (Windows NT 10.0; Win64; x64) AppleWebKit/537.36 (KHTML, like Gecko) Chrome/75.0.3770.142 Safari/537.36\"\n","level":"info","service":"whimstaywebapp-service"}
{"message":"::1 - - [14/Aug/2019:14:02:16 +0000] \"GET / HTTP/1.1\" 302 30 \"http://localhost:9001/properties\" \"Mozilla/5.0 (Windows NT 10.0; Win64; x64) AppleWebKit/537.36 (KHTML, like Gecko) Chrome/75.0.3770.142 Safari/537.36\"\n","level":"info","service":"whimstaywebapp-service"}
{"message":"::1 - - [14/Aug/2019:14:02:16 +0000] \"GET /welcome HTTP/1.1\" 200 20304 \"http://localhost:9001/properties\" \"Mozilla/5.0 (Windows NT 10.0; Win64; x64) AppleWebKit/537.36 (KHTML, like Gecko) Chrome/75.0.3770.142 Safari/537.36\"\n","level":"info","service":"whimstaywebapp-service"}
